[2025-05-30T04:33:22.216+0000] {local_task_job_runner.py:120} INFO - ::group::Pre task execution logs
[2025-05-30T04:33:22.227+0000] {taskinstance.py:2076} INFO - Dependencies all met for dep_context=non-requeueable deps ti=<TaskInstance: my_first_weather_dag.say_hello manual__2025-05-30T04:33:18.058698+00:00 [queued]>
[2025-05-30T04:33:22.229+0000] {taskinstance.py:2076} INFO - Dependencies all met for dep_context=requeueable deps ti=<TaskInstance: my_first_weather_dag.say_hello manual__2025-05-30T04:33:18.058698+00:00 [queued]>
[2025-05-30T04:33:22.229+0000] {taskinstance.py:2306} INFO - Starting attempt 1 of 1
[2025-05-30T04:33:22.234+0000] {taskinstance.py:2330} INFO - Executing <Task(BashOperator): say_hello> on 2025-05-30 04:33:18.058698+00:00
[2025-05-30T04:33:22.237+0000] {standard_task_runner.py:63} INFO - Started process 1079 to run task
[2025-05-30T04:33:22.244+0000] {standard_task_runner.py:90} INFO - Running: ['airflow', 'tasks', 'run', 'my_first_weather_dag', 'say_hello', 'manual__2025-05-30T04:33:18.058698+00:00', '--job-id', '3', '--raw', '--subdir', 'DAGS_FOLDER/my_first_dag.py', '--cfg-path', '/tmp/tmp1nhxewmn']
[2025-05-30T04:33:22.248+0000] {standard_task_runner.py:91} INFO - Job 3: Subtask say_hello
[2025-05-30T04:33:22.271+0000] {task_command.py:426} INFO - Running <TaskInstance: my_first_weather_dag.say_hello manual__2025-05-30T04:33:18.058698+00:00 [running]> on host 11278d4fdc5c
[2025-05-30T04:33:22.334+0000] {taskinstance.py:2648} INFO - Exporting env vars: AIRFLOW_CTX_DAG_OWNER='airflow' AIRFLOW_CTX_DAG_ID='my_first_weather_dag' AIRFLOW_CTX_TASK_ID='say_hello' AIRFLOW_CTX_EXECUTION_DATE='2025-05-30T04:33:18.058698+00:00' AIRFLOW_CTX_TRY_NUMBER='1' AIRFLOW_CTX_DAG_RUN_ID='manual__2025-05-30T04:33:18.058698+00:00'
[2025-05-30T04:33:22.335+0000] {taskinstance.py:430} INFO - ::endgroup::
[2025-05-30T04:33:22.371+0000] {subprocess.py:63} INFO - Tmp dir root location: /tmp
[2025-05-30T04:33:22.372+0000] {subprocess.py:75} INFO - Running command: ['/usr/bin/bash', '-c', "echo 'Hello from my first Airflow DAG for MLOps Weather Project!'"]
[2025-05-30T04:33:22.379+0000] {subprocess.py:86} INFO - Output:
[2025-05-30T04:33:22.384+0000] {subprocess.py:93} INFO - Hello from my first Airflow DAG for MLOps Weather Project!
[2025-05-30T04:33:22.385+0000] {subprocess.py:97} INFO - Command exited with return code 0
[2025-05-30T04:33:22.386+0000] {taskinstance.py:441} INFO - ::group::Post task execution logs
[2025-05-30T04:33:22.395+0000] {taskinstance.py:1206} INFO - Marking task as SUCCESS. dag_id=my_first_weather_dag, task_id=say_hello, run_id=manual__2025-05-30T04:33:18.058698+00:00, execution_date=20250530T043318, start_date=20250530T043322, end_date=20250530T043322
[2025-05-30T04:33:22.422+0000] {local_task_job_runner.py:240} INFO - Task exited with return code 0
[2025-05-30T04:33:22.430+0000] {taskinstance.py:3498} INFO - 1 downstream tasks scheduled from follow-on schedule check
[2025-05-30T04:33:22.431+0000] {local_task_job_runner.py:222} INFO - ::endgroup::
