[2025-05-31T00:00:02.609+0000] {processor.py:161} INFO - Started process (PID=1688) to work on /opt/airflow/dags/s3_parquet_read_dag.py
[2025-05-31T00:00:02.611+0000] {processor.py:830} INFO - Processing file /opt/airflow/dags/s3_parquet_read_dag.py for tasks to queue
[2025-05-31T00:00:02.616+0000] {logging_mixin.py:188} INFO - [2025-05-31T00:00:02.615+0000] {dagbag.py:545} INFO - Filling up the DagBag from /opt/airflow/dags/s3_parquet_read_dag.py
[2025-05-31T00:00:02.908+0000] {processor.py:840} INFO - DAG(s) 's3_parquet_read_dag' retrieved from /opt/airflow/dags/s3_parquet_read_dag.py
[2025-05-31T00:00:02.921+0000] {logging_mixin.py:188} INFO - [2025-05-31T00:00:02.921+0000] {dag.py:3096} INFO - Sync 1 DAGs
[2025-05-31T00:00:02.926+0000] {logging_mixin.py:188} INFO - [2025-05-31T00:00:02.926+0000] {dag.py:3954} INFO - Setting next_dagrun for s3_parquet_read_dag to None, run_after=None
[2025-05-31T00:00:02.937+0000] {processor.py:183} INFO - Processing /opt/airflow/dags/s3_parquet_read_dag.py took 0.340 seconds
[2025-05-31T00:00:33.132+0000] {processor.py:161} INFO - Started process (PID=1692) to work on /opt/airflow/dags/s3_parquet_read_dag.py
[2025-05-31T00:00:33.134+0000] {processor.py:830} INFO - Processing file /opt/airflow/dags/s3_parquet_read_dag.py for tasks to queue
[2025-05-31T00:00:33.139+0000] {logging_mixin.py:188} INFO - [2025-05-31T00:00:33.138+0000] {dagbag.py:545} INFO - Filling up the DagBag from /opt/airflow/dags/s3_parquet_read_dag.py
[2025-05-31T00:00:33.600+0000] {processor.py:840} INFO - DAG(s) 's3_parquet_read_dag' retrieved from /opt/airflow/dags/s3_parquet_read_dag.py
[2025-05-31T00:00:33.608+0000] {logging_mixin.py:188} INFO - [2025-05-31T00:00:33.607+0000] {dag.py:3096} INFO - Sync 1 DAGs
[2025-05-31T00:00:33.613+0000] {logging_mixin.py:188} INFO - [2025-05-31T00:00:33.613+0000] {dag.py:3954} INFO - Setting next_dagrun for s3_parquet_read_dag to None, run_after=None
[2025-05-31T00:00:33.622+0000] {processor.py:183} INFO - Processing /opt/airflow/dags/s3_parquet_read_dag.py took 0.503 seconds
[2025-05-31T00:01:03.767+0000] {processor.py:161} INFO - Started process (PID=1696) to work on /opt/airflow/dags/s3_parquet_read_dag.py
[2025-05-31T00:01:03.770+0000] {processor.py:830} INFO - Processing file /opt/airflow/dags/s3_parquet_read_dag.py for tasks to queue
[2025-05-31T00:01:03.774+0000] {logging_mixin.py:188} INFO - [2025-05-31T00:01:03.773+0000] {dagbag.py:545} INFO - Filling up the DagBag from /opt/airflow/dags/s3_parquet_read_dag.py
[2025-05-31T00:01:04.225+0000] {processor.py:840} INFO - DAG(s) 's3_parquet_read_dag' retrieved from /opt/airflow/dags/s3_parquet_read_dag.py
[2025-05-31T00:01:04.232+0000] {logging_mixin.py:188} INFO - [2025-05-31T00:01:04.231+0000] {dag.py:3096} INFO - Sync 1 DAGs
[2025-05-31T00:01:04.235+0000] {logging_mixin.py:188} INFO - [2025-05-31T00:01:04.235+0000] {dag.py:3954} INFO - Setting next_dagrun for s3_parquet_read_dag to None, run_after=None
[2025-05-31T00:01:04.244+0000] {processor.py:183} INFO - Processing /opt/airflow/dags/s3_parquet_read_dag.py took 0.489 seconds
[2025-05-31T00:01:34.409+0000] {processor.py:161} INFO - Started process (PID=1700) to work on /opt/airflow/dags/s3_parquet_read_dag.py
[2025-05-31T00:01:34.411+0000] {processor.py:830} INFO - Processing file /opt/airflow/dags/s3_parquet_read_dag.py for tasks to queue
[2025-05-31T00:01:34.415+0000] {logging_mixin.py:188} INFO - [2025-05-31T00:01:34.414+0000] {dagbag.py:545} INFO - Filling up the DagBag from /opt/airflow/dags/s3_parquet_read_dag.py
[2025-05-31T00:01:34.872+0000] {processor.py:840} INFO - DAG(s) 's3_parquet_read_dag' retrieved from /opt/airflow/dags/s3_parquet_read_dag.py
[2025-05-31T00:01:34.886+0000] {logging_mixin.py:188} INFO - [2025-05-31T00:01:34.886+0000] {dag.py:3096} INFO - Sync 1 DAGs
[2025-05-31T00:01:34.891+0000] {logging_mixin.py:188} INFO - [2025-05-31T00:01:34.890+0000] {dag.py:3954} INFO - Setting next_dagrun for s3_parquet_read_dag to None, run_after=None
[2025-05-31T00:01:34.899+0000] {processor.py:183} INFO - Processing /opt/airflow/dags/s3_parquet_read_dag.py took 0.500 seconds
[2025-05-31T00:02:05.142+0000] {processor.py:161} INFO - Started process (PID=1704) to work on /opt/airflow/dags/s3_parquet_read_dag.py
[2025-05-31T00:02:05.144+0000] {processor.py:830} INFO - Processing file /opt/airflow/dags/s3_parquet_read_dag.py for tasks to queue
[2025-05-31T00:02:05.147+0000] {logging_mixin.py:188} INFO - [2025-05-31T00:02:05.146+0000] {dagbag.py:545} INFO - Filling up the DagBag from /opt/airflow/dags/s3_parquet_read_dag.py
[2025-05-31T00:02:05.469+0000] {processor.py:840} INFO - DAG(s) 's3_parquet_read_dag' retrieved from /opt/airflow/dags/s3_parquet_read_dag.py
[2025-05-31T00:02:05.475+0000] {logging_mixin.py:188} INFO - [2025-05-31T00:02:05.475+0000] {dag.py:3096} INFO - Sync 1 DAGs
[2025-05-31T00:02:05.480+0000] {logging_mixin.py:188} INFO - [2025-05-31T00:02:05.479+0000] {dag.py:3954} INFO - Setting next_dagrun for s3_parquet_read_dag to None, run_after=None
[2025-05-31T00:02:05.489+0000] {processor.py:183} INFO - Processing /opt/airflow/dags/s3_parquet_read_dag.py took 0.360 seconds
[2025-05-31T00:02:35.684+0000] {processor.py:161} INFO - Started process (PID=1708) to work on /opt/airflow/dags/s3_parquet_read_dag.py
[2025-05-31T00:02:35.686+0000] {processor.py:830} INFO - Processing file /opt/airflow/dags/s3_parquet_read_dag.py for tasks to queue
[2025-05-31T00:02:35.689+0000] {logging_mixin.py:188} INFO - [2025-05-31T00:02:35.689+0000] {dagbag.py:545} INFO - Filling up the DagBag from /opt/airflow/dags/s3_parquet_read_dag.py
[2025-05-31T00:02:36.126+0000] {processor.py:840} INFO - DAG(s) 's3_parquet_read_dag' retrieved from /opt/airflow/dags/s3_parquet_read_dag.py
[2025-05-31T00:02:36.133+0000] {logging_mixin.py:188} INFO - [2025-05-31T00:02:36.132+0000] {dag.py:3096} INFO - Sync 1 DAGs
[2025-05-31T00:02:36.137+0000] {logging_mixin.py:188} INFO - [2025-05-31T00:02:36.137+0000] {dag.py:3954} INFO - Setting next_dagrun for s3_parquet_read_dag to None, run_after=None
[2025-05-31T00:02:36.146+0000] {processor.py:183} INFO - Processing /opt/airflow/dags/s3_parquet_read_dag.py took 0.474 seconds
[2025-05-31T00:03:06.267+0000] {processor.py:161} INFO - Started process (PID=1712) to work on /opt/airflow/dags/s3_parquet_read_dag.py
[2025-05-31T00:03:06.270+0000] {processor.py:830} INFO - Processing file /opt/airflow/dags/s3_parquet_read_dag.py for tasks to queue
[2025-05-31T00:03:06.295+0000] {logging_mixin.py:188} INFO - [2025-05-31T00:03:06.286+0000] {dagbag.py:545} INFO - Filling up the DagBag from /opt/airflow/dags/s3_parquet_read_dag.py
[2025-05-31T00:03:06.776+0000] {processor.py:840} INFO - DAG(s) 's3_parquet_read_dag' retrieved from /opt/airflow/dags/s3_parquet_read_dag.py
[2025-05-31T00:03:06.784+0000] {logging_mixin.py:188} INFO - [2025-05-31T00:03:06.783+0000] {dag.py:3096} INFO - Sync 1 DAGs
[2025-05-31T00:03:06.789+0000] {logging_mixin.py:188} INFO - [2025-05-31T00:03:06.789+0000] {dag.py:3954} INFO - Setting next_dagrun for s3_parquet_read_dag to None, run_after=None
[2025-05-31T00:03:06.798+0000] {processor.py:183} INFO - Processing /opt/airflow/dags/s3_parquet_read_dag.py took 0.541 seconds
[2025-05-31T00:03:37.020+0000] {processor.py:161} INFO - Started process (PID=1716) to work on /opt/airflow/dags/s3_parquet_read_dag.py
[2025-05-31T00:03:37.023+0000] {processor.py:830} INFO - Processing file /opt/airflow/dags/s3_parquet_read_dag.py for tasks to queue
[2025-05-31T00:03:37.027+0000] {logging_mixin.py:188} INFO - [2025-05-31T00:03:37.026+0000] {dagbag.py:545} INFO - Filling up the DagBag from /opt/airflow/dags/s3_parquet_read_dag.py
[2025-05-31T00:03:37.445+0000] {processor.py:840} INFO - DAG(s) 's3_parquet_read_dag' retrieved from /opt/airflow/dags/s3_parquet_read_dag.py
[2025-05-31T00:03:37.452+0000] {logging_mixin.py:188} INFO - [2025-05-31T00:03:37.452+0000] {dag.py:3096} INFO - Sync 1 DAGs
[2025-05-31T00:03:37.456+0000] {logging_mixin.py:188} INFO - [2025-05-31T00:03:37.456+0000] {dag.py:3954} INFO - Setting next_dagrun for s3_parquet_read_dag to None, run_after=None
[2025-05-31T00:03:37.465+0000] {processor.py:183} INFO - Processing /opt/airflow/dags/s3_parquet_read_dag.py took 0.456 seconds
[2025-05-31T00:04:07.836+0000] {processor.py:161} INFO - Started process (PID=1720) to work on /opt/airflow/dags/s3_parquet_read_dag.py
[2025-05-31T00:04:07.845+0000] {processor.py:830} INFO - Processing file /opt/airflow/dags/s3_parquet_read_dag.py for tasks to queue
[2025-05-31T00:04:07.850+0000] {logging_mixin.py:188} INFO - [2025-05-31T00:04:07.848+0000] {dagbag.py:545} INFO - Filling up the DagBag from /opt/airflow/dags/s3_parquet_read_dag.py
[2025-05-31T00:04:08.315+0000] {processor.py:840} INFO - DAG(s) 's3_parquet_read_dag' retrieved from /opt/airflow/dags/s3_parquet_read_dag.py
[2025-05-31T00:04:08.322+0000] {logging_mixin.py:188} INFO - [2025-05-31T00:04:08.322+0000] {dag.py:3096} INFO - Sync 1 DAGs
[2025-05-31T00:04:08.326+0000] {logging_mixin.py:188} INFO - [2025-05-31T00:04:08.326+0000] {dag.py:3954} INFO - Setting next_dagrun for s3_parquet_read_dag to None, run_after=None
[2025-05-31T00:04:08.336+0000] {processor.py:183} INFO - Processing /opt/airflow/dags/s3_parquet_read_dag.py took 0.614 seconds
[2025-05-31T00:04:38.516+0000] {processor.py:161} INFO - Started process (PID=1724) to work on /opt/airflow/dags/s3_parquet_read_dag.py
[2025-05-31T00:04:38.518+0000] {processor.py:830} INFO - Processing file /opt/airflow/dags/s3_parquet_read_dag.py for tasks to queue
[2025-05-31T00:04:38.523+0000] {logging_mixin.py:188} INFO - [2025-05-31T00:04:38.522+0000] {dagbag.py:545} INFO - Filling up the DagBag from /opt/airflow/dags/s3_parquet_read_dag.py
[2025-05-31T00:04:39.005+0000] {processor.py:840} INFO - DAG(s) 's3_parquet_read_dag' retrieved from /opt/airflow/dags/s3_parquet_read_dag.py
[2025-05-31T00:04:39.013+0000] {logging_mixin.py:188} INFO - [2025-05-31T00:04:39.012+0000] {dag.py:3096} INFO - Sync 1 DAGs
[2025-05-31T00:04:39.017+0000] {logging_mixin.py:188} INFO - [2025-05-31T00:04:39.017+0000] {dag.py:3954} INFO - Setting next_dagrun for s3_parquet_read_dag to None, run_after=None
[2025-05-31T00:04:39.026+0000] {processor.py:183} INFO - Processing /opt/airflow/dags/s3_parquet_read_dag.py took 0.534 seconds
[2025-05-31T00:05:09.261+0000] {processor.py:161} INFO - Started process (PID=1728) to work on /opt/airflow/dags/s3_parquet_read_dag.py
[2025-05-31T00:05:09.264+0000] {processor.py:830} INFO - Processing file /opt/airflow/dags/s3_parquet_read_dag.py for tasks to queue
[2025-05-31T00:05:09.268+0000] {logging_mixin.py:188} INFO - [2025-05-31T00:05:09.267+0000] {dagbag.py:545} INFO - Filling up the DagBag from /opt/airflow/dags/s3_parquet_read_dag.py
[2025-05-31T00:05:09.734+0000] {processor.py:840} INFO - DAG(s) 's3_parquet_read_dag' retrieved from /opt/airflow/dags/s3_parquet_read_dag.py
[2025-05-31T00:05:09.740+0000] {logging_mixin.py:188} INFO - [2025-05-31T00:05:09.740+0000] {dag.py:3096} INFO - Sync 1 DAGs
[2025-05-31T00:05:09.744+0000] {logging_mixin.py:188} INFO - [2025-05-31T00:05:09.744+0000] {dag.py:3954} INFO - Setting next_dagrun for s3_parquet_read_dag to None, run_after=None
[2025-05-31T00:05:09.754+0000] {processor.py:183} INFO - Processing /opt/airflow/dags/s3_parquet_read_dag.py took 0.506 seconds
[2025-05-31T00:05:39.995+0000] {processor.py:161} INFO - Started process (PID=1732) to work on /opt/airflow/dags/s3_parquet_read_dag.py
[2025-05-31T00:05:39.998+0000] {processor.py:830} INFO - Processing file /opt/airflow/dags/s3_parquet_read_dag.py for tasks to queue
[2025-05-31T00:05:40.002+0000] {logging_mixin.py:188} INFO - [2025-05-31T00:05:40.001+0000] {dagbag.py:545} INFO - Filling up the DagBag from /opt/airflow/dags/s3_parquet_read_dag.py
[2025-05-31T00:05:40.552+0000] {processor.py:840} INFO - DAG(s) 's3_parquet_read_dag' retrieved from /opt/airflow/dags/s3_parquet_read_dag.py
[2025-05-31T00:05:40.559+0000] {logging_mixin.py:188} INFO - [2025-05-31T00:05:40.559+0000] {dag.py:3096} INFO - Sync 1 DAGs
[2025-05-31T00:05:40.563+0000] {logging_mixin.py:188} INFO - [2025-05-31T00:05:40.563+0000] {dag.py:3954} INFO - Setting next_dagrun for s3_parquet_read_dag to None, run_after=None
[2025-05-31T00:05:40.574+0000] {processor.py:183} INFO - Processing /opt/airflow/dags/s3_parquet_read_dag.py took 0.593 seconds
[2025-05-31T00:06:10.746+0000] {processor.py:161} INFO - Started process (PID=1736) to work on /opt/airflow/dags/s3_parquet_read_dag.py
[2025-05-31T00:06:10.749+0000] {processor.py:830} INFO - Processing file /opt/airflow/dags/s3_parquet_read_dag.py for tasks to queue
[2025-05-31T00:06:10.754+0000] {logging_mixin.py:188} INFO - [2025-05-31T00:06:10.753+0000] {dagbag.py:545} INFO - Filling up the DagBag from /opt/airflow/dags/s3_parquet_read_dag.py
[2025-05-31T00:06:11.303+0000] {processor.py:840} INFO - DAG(s) 's3_parquet_read_dag' retrieved from /opt/airflow/dags/s3_parquet_read_dag.py
[2025-05-31T00:06:11.310+0000] {logging_mixin.py:188} INFO - [2025-05-31T00:06:11.310+0000] {dag.py:3096} INFO - Sync 1 DAGs
[2025-05-31T00:06:11.314+0000] {logging_mixin.py:188} INFO - [2025-05-31T00:06:11.314+0000] {dag.py:3954} INFO - Setting next_dagrun for s3_parquet_read_dag to None, run_after=None
[2025-05-31T00:06:11.324+0000] {processor.py:183} INFO - Processing /opt/airflow/dags/s3_parquet_read_dag.py took 0.600 seconds
[2025-05-31T00:06:41.479+0000] {processor.py:161} INFO - Started process (PID=1740) to work on /opt/airflow/dags/s3_parquet_read_dag.py
[2025-05-31T00:06:41.482+0000] {processor.py:830} INFO - Processing file /opt/airflow/dags/s3_parquet_read_dag.py for tasks to queue
[2025-05-31T00:06:41.486+0000] {logging_mixin.py:188} INFO - [2025-05-31T00:06:41.485+0000] {dagbag.py:545} INFO - Filling up the DagBag from /opt/airflow/dags/s3_parquet_read_dag.py
[2025-05-31T00:06:41.927+0000] {processor.py:840} INFO - DAG(s) 's3_parquet_read_dag' retrieved from /opt/airflow/dags/s3_parquet_read_dag.py
[2025-05-31T00:06:41.934+0000] {logging_mixin.py:188} INFO - [2025-05-31T00:06:41.934+0000] {dag.py:3096} INFO - Sync 1 DAGs
[2025-05-31T00:06:41.938+0000] {logging_mixin.py:188} INFO - [2025-05-31T00:06:41.938+0000] {dag.py:3954} INFO - Setting next_dagrun for s3_parquet_read_dag to None, run_after=None
[2025-05-31T00:06:41.948+0000] {processor.py:183} INFO - Processing /opt/airflow/dags/s3_parquet_read_dag.py took 0.492 seconds
[2025-05-31T00:07:12.102+0000] {processor.py:161} INFO - Started process (PID=1744) to work on /opt/airflow/dags/s3_parquet_read_dag.py
[2025-05-31T00:07:12.104+0000] {processor.py:830} INFO - Processing file /opt/airflow/dags/s3_parquet_read_dag.py for tasks to queue
[2025-05-31T00:07:12.108+0000] {logging_mixin.py:188} INFO - [2025-05-31T00:07:12.107+0000] {dagbag.py:545} INFO - Filling up the DagBag from /opt/airflow/dags/s3_parquet_read_dag.py
[2025-05-31T00:07:12.605+0000] {processor.py:840} INFO - DAG(s) 's3_parquet_read_dag' retrieved from /opt/airflow/dags/s3_parquet_read_dag.py
[2025-05-31T00:07:12.612+0000] {logging_mixin.py:188} INFO - [2025-05-31T00:07:12.612+0000] {dag.py:3096} INFO - Sync 1 DAGs
[2025-05-31T00:07:12.617+0000] {logging_mixin.py:188} INFO - [2025-05-31T00:07:12.617+0000] {dag.py:3954} INFO - Setting next_dagrun for s3_parquet_read_dag to None, run_after=None
[2025-05-31T00:07:12.628+0000] {processor.py:183} INFO - Processing /opt/airflow/dags/s3_parquet_read_dag.py took 0.538 seconds
[2025-05-31T00:07:42.822+0000] {processor.py:161} INFO - Started process (PID=1748) to work on /opt/airflow/dags/s3_parquet_read_dag.py
[2025-05-31T00:07:42.826+0000] {processor.py:830} INFO - Processing file /opt/airflow/dags/s3_parquet_read_dag.py for tasks to queue
[2025-05-31T00:07:42.841+0000] {logging_mixin.py:188} INFO - [2025-05-31T00:07:42.834+0000] {dagbag.py:545} INFO - Filling up the DagBag from /opt/airflow/dags/s3_parquet_read_dag.py
[2025-05-31T00:07:43.226+0000] {processor.py:840} INFO - DAG(s) 's3_parquet_read_dag' retrieved from /opt/airflow/dags/s3_parquet_read_dag.py
[2025-05-31T00:07:43.234+0000] {logging_mixin.py:188} INFO - [2025-05-31T00:07:43.234+0000] {dag.py:3096} INFO - Sync 1 DAGs
[2025-05-31T00:07:43.239+0000] {logging_mixin.py:188} INFO - [2025-05-31T00:07:43.239+0000] {dag.py:3954} INFO - Setting next_dagrun for s3_parquet_read_dag to None, run_after=None
[2025-05-31T00:07:43.249+0000] {processor.py:183} INFO - Processing /opt/airflow/dags/s3_parquet_read_dag.py took 0.445 seconds
[2025-05-31T00:08:13.447+0000] {processor.py:161} INFO - Started process (PID=1752) to work on /opt/airflow/dags/s3_parquet_read_dag.py
[2025-05-31T00:08:13.449+0000] {processor.py:830} INFO - Processing file /opt/airflow/dags/s3_parquet_read_dag.py for tasks to queue
[2025-05-31T00:08:13.453+0000] {logging_mixin.py:188} INFO - [2025-05-31T00:08:13.453+0000] {dagbag.py:545} INFO - Filling up the DagBag from /opt/airflow/dags/s3_parquet_read_dag.py
[2025-05-31T00:08:13.915+0000] {processor.py:840} INFO - DAG(s) 's3_parquet_read_dag' retrieved from /opt/airflow/dags/s3_parquet_read_dag.py
[2025-05-31T00:08:13.923+0000] {logging_mixin.py:188} INFO - [2025-05-31T00:08:13.923+0000] {dag.py:3096} INFO - Sync 1 DAGs
[2025-05-31T00:08:13.927+0000] {logging_mixin.py:188} INFO - [2025-05-31T00:08:13.927+0000] {dag.py:3954} INFO - Setting next_dagrun for s3_parquet_read_dag to None, run_after=None
[2025-05-31T00:08:13.937+0000] {processor.py:183} INFO - Processing /opt/airflow/dags/s3_parquet_read_dag.py took 0.501 seconds
[2025-05-31T00:08:44.185+0000] {processor.py:161} INFO - Started process (PID=1756) to work on /opt/airflow/dags/s3_parquet_read_dag.py
[2025-05-31T00:08:44.187+0000] {processor.py:830} INFO - Processing file /opt/airflow/dags/s3_parquet_read_dag.py for tasks to queue
[2025-05-31T00:08:44.191+0000] {logging_mixin.py:188} INFO - [2025-05-31T00:08:44.190+0000] {dagbag.py:545} INFO - Filling up the DagBag from /opt/airflow/dags/s3_parquet_read_dag.py
[2025-05-31T00:08:44.639+0000] {processor.py:840} INFO - DAG(s) 's3_parquet_read_dag' retrieved from /opt/airflow/dags/s3_parquet_read_dag.py
[2025-05-31T00:08:44.647+0000] {logging_mixin.py:188} INFO - [2025-05-31T00:08:44.646+0000] {dag.py:3096} INFO - Sync 1 DAGs
[2025-05-31T00:08:44.651+0000] {logging_mixin.py:188} INFO - [2025-05-31T00:08:44.651+0000] {dag.py:3954} INFO - Setting next_dagrun for s3_parquet_read_dag to None, run_after=None
[2025-05-31T00:08:44.659+0000] {processor.py:183} INFO - Processing /opt/airflow/dags/s3_parquet_read_dag.py took 0.484 seconds
[2025-05-31T00:09:14.811+0000] {processor.py:161} INFO - Started process (PID=1760) to work on /opt/airflow/dags/s3_parquet_read_dag.py
[2025-05-31T00:09:14.813+0000] {processor.py:830} INFO - Processing file /opt/airflow/dags/s3_parquet_read_dag.py for tasks to queue
[2025-05-31T00:09:14.817+0000] {logging_mixin.py:188} INFO - [2025-05-31T00:09:14.816+0000] {dagbag.py:545} INFO - Filling up the DagBag from /opt/airflow/dags/s3_parquet_read_dag.py
[2025-05-31T00:09:15.274+0000] {processor.py:840} INFO - DAG(s) 's3_parquet_read_dag' retrieved from /opt/airflow/dags/s3_parquet_read_dag.py
[2025-05-31T00:09:15.291+0000] {logging_mixin.py:188} INFO - [2025-05-31T00:09:15.291+0000] {dag.py:3096} INFO - Sync 1 DAGs
[2025-05-31T00:09:15.295+0000] {logging_mixin.py:188} INFO - [2025-05-31T00:09:15.295+0000] {dag.py:3954} INFO - Setting next_dagrun for s3_parquet_read_dag to None, run_after=None
[2025-05-31T00:09:15.305+0000] {processor.py:183} INFO - Processing /opt/airflow/dags/s3_parquet_read_dag.py took 0.502 seconds
