[2025-05-30T04:33:23.964+0000] {local_task_job_runner.py:120} INFO - ::group::Pre task execution logs
[2025-05-30T04:33:23.973+0000] {taskinstance.py:2076} INFO - Dependencies all met for dep_context=non-requeueable deps ti=<TaskInstance: my_first_weather_dag.check_data_folder_in_container manual__2025-05-30T04:33:18.058698+00:00 [queued]>
[2025-05-30T04:33:23.975+0000] {taskinstance.py:2076} INFO - Dependencies all met for dep_context=requeueable deps ti=<TaskInstance: my_first_weather_dag.check_data_folder_in_container manual__2025-05-30T04:33:18.058698+00:00 [queued]>
[2025-05-30T04:33:23.975+0000] {taskinstance.py:2306} INFO - Starting attempt 1 of 1
[2025-05-30T04:33:23.980+0000] {taskinstance.py:2330} INFO - Executing <Task(BashOperator): check_data_folder_in_container> on 2025-05-30 04:33:18.058698+00:00
[2025-05-30T04:33:23.982+0000] {standard_task_runner.py:63} INFO - Started process 1089 to run task
[2025-05-30T04:33:23.983+0000] {standard_task_runner.py:90} INFO - Running: ['airflow', 'tasks', 'run', 'my_first_weather_dag', 'check_data_folder_in_container', 'manual__2025-05-30T04:33:18.058698+00:00', '--job-id', '4', '--raw', '--subdir', 'DAGS_FOLDER/my_first_dag.py', '--cfg-path', '/tmp/tmph3tds68p']
[2025-05-30T04:33:23.984+0000] {standard_task_runner.py:91} INFO - Job 4: Subtask check_data_folder_in_container
[2025-05-30T04:33:23.998+0000] {task_command.py:426} INFO - Running <TaskInstance: my_first_weather_dag.check_data_folder_in_container manual__2025-05-30T04:33:18.058698+00:00 [running]> on host 11278d4fdc5c
[2025-05-30T04:33:24.021+0000] {taskinstance.py:2648} INFO - Exporting env vars: AIRFLOW_CTX_DAG_OWNER='airflow' AIRFLOW_CTX_DAG_ID='my_first_weather_dag' AIRFLOW_CTX_TASK_ID='check_data_folder_in_container' AIRFLOW_CTX_EXECUTION_DATE='2025-05-30T04:33:18.058698+00:00' AIRFLOW_CTX_TRY_NUMBER='1' AIRFLOW_CTX_DAG_RUN_ID='manual__2025-05-30T04:33:18.058698+00:00'
[2025-05-30T04:33:24.021+0000] {taskinstance.py:430} INFO - ::endgroup::
[2025-05-30T04:33:24.027+0000] {subprocess.py:63} INFO - Tmp dir root location: /tmp
[2025-05-30T04:33:24.028+0000] {subprocess.py:75} INFO - Running command: ['/usr/bin/bash', '-c', "echo 'Checking /opt/airflow/data folder inside container...' && ls -l /opt/airflow/data"]
[2025-05-30T04:33:24.031+0000] {subprocess.py:86} INFO - Output:
[2025-05-30T04:33:24.031+0000] {subprocess.py:93} INFO - Checking /opt/airflow/data folder inside container...
[2025-05-30T04:33:24.044+0000] {subprocess.py:93} INFO - total 0
[2025-05-30T04:33:24.044+0000] {subprocess.py:97} INFO - Command exited with return code 0
[2025-05-30T04:33:24.045+0000] {taskinstance.py:441} INFO - ::group::Post task execution logs
[2025-05-30T04:33:24.052+0000] {taskinstance.py:1206} INFO - Marking task as SUCCESS. dag_id=my_first_weather_dag, task_id=check_data_folder_in_container, run_id=manual__2025-05-30T04:33:18.058698+00:00, execution_date=20250530T043318, start_date=20250530T043323, end_date=20250530T043324
[2025-05-30T04:33:24.090+0000] {local_task_job_runner.py:240} INFO - Task exited with return code 0
[2025-05-30T04:33:24.096+0000] {taskinstance.py:3498} INFO - 0 downstream tasks scheduled from follow-on schedule check
[2025-05-30T04:33:24.096+0000] {local_task_job_runner.py:222} INFO - ::endgroup::
